Determining if the pthread_create exist failed with the following output:
Change Dir: /workspace/tensorrt_inference/build/CMakeFiles/CMakeTmp

Run Build Command(s):/usr/bin/make cmTC_0ceb6/fast 
/usr/bin/make -f CMakeFiles/cmTC_0ceb6.dir/build.make CMakeFiles/cmTC_0ceb6.dir/build
make[1]: Entering directory '/workspace/tensorrt_inference/build/CMakeFiles/CMakeTmp'
Building C object CMakeFiles/cmTC_0ceb6.dir/CheckSymbolExists.c.o
/usr/bin/cc   -fPIC    -o CMakeFiles/cmTC_0ceb6.dir/CheckSymbolExists.c.o   -c /workspace/tensorrt_inference/build/CMakeFiles/CMakeTmp/CheckSymbolExists.c
Linking C executable cmTC_0ceb6
/usr/local/bin/cmake -E cmake_link_script CMakeFiles/cmTC_0ceb6.dir/link.txt --verbose=1
/usr/bin/cc -fPIC     CMakeFiles/cmTC_0ceb6.dir/CheckSymbolExists.c.o  -o cmTC_0ceb6 
/usr/bin/ld: CMakeFiles/cmTC_0ceb6.dir/CheckSymbolExists.c.o: in function `main':
CheckSymbolExists.c:(.text+0x1f): undefined reference to `pthread_create'
collect2: error: ld returned 1 exit status
make[1]: *** [CMakeFiles/cmTC_0ceb6.dir/build.make:87: cmTC_0ceb6] Error 1
make[1]: Leaving directory '/workspace/tensorrt_inference/build/CMakeFiles/CMakeTmp'
make: *** [Makefile:121: cmTC_0ceb6/fast] Error 2

File /workspace/tensorrt_inference/build/CMakeFiles/CMakeTmp/CheckSymbolExists.c:
/* */
#include <pthread.h>

int main(int argc, char** argv)
{
  (void)argv;
#ifndef pthread_create
  return ((int*)(&pthread_create))[argc];
#else
  (void)argc;
  return 0;
#endif
}

Determining if the function pthread_create exists in the pthreads failed with the following output:
Change Dir: /workspace/tensorrt_inference/build/CMakeFiles/CMakeTmp

Run Build Command(s):/usr/bin/make cmTC_f02e8/fast 
/usr/bin/make -f CMakeFiles/cmTC_f02e8.dir/build.make CMakeFiles/cmTC_f02e8.dir/build
make[1]: Entering directory '/workspace/tensorrt_inference/build/CMakeFiles/CMakeTmp'
Building C object CMakeFiles/cmTC_f02e8.dir/CheckFunctionExists.c.o
/usr/bin/cc   -fPIC -DCHECK_FUNCTION_EXISTS=pthread_create   -o CMakeFiles/cmTC_f02e8.dir/CheckFunctionExists.c.o   -c /usr/local/share/cmake-3.14/Modules/CheckFunctionExists.c
Linking C executable cmTC_f02e8
/usr/local/bin/cmake -E cmake_link_script CMakeFiles/cmTC_f02e8.dir/link.txt --verbose=1
/usr/bin/cc -fPIC -DCHECK_FUNCTION_EXISTS=pthread_create    CMakeFiles/cmTC_f02e8.dir/CheckFunctionExists.c.o  -o cmTC_f02e8 -lpthreads 
/usr/bin/ld: cannot find -lpthreads
collect2: error: ld returned 1 exit status
make[1]: *** [CMakeFiles/cmTC_f02e8.dir/build.make:87: cmTC_f02e8] Error 1
make[1]: Leaving directory '/workspace/tensorrt_inference/build/CMakeFiles/CMakeTmp'
make: *** [Makefile:121: cmTC_f02e8/fast] Error 2


